复习计划：
	尽量在 11.15之前找到工作 复习时间最多10天 

	
	1.PHP 面试二十一问 2d
	2.基础的算法与数据结构（哈希、二分、快排、时间复杂度、链表） 常用设计模式 1d
	3.数据库：优化、索引、引擎、主从复制、主从延迟、数据备份、事务、锁、常用的sql语法、注重练习sql题目 2d
	4.LNMP ： nginx日志；负载均衡；匹配机制；PHP-FPM配置优化；PHP 错误日志；Mysql配置优化；nginx-php 交互；1d
	5.网络：理解完整的网络请求；理解tcp三次握手四次挥手；tcp超时重传；流量控制；常用的网络进程模型；1d
	6.简历 1d
	7.PHP 基础：数组排序、引用、异常处理、字符串匹配|替换、文件处理、时间处理、url处理、文件上传、安全函数、类型转换 ... 1d

	每天刷一套PHP面试题

	面试重新学习
	

	mvc : 命名空间、自动加载、延迟绑定、自定义路由、页面缓存、视图引擎、反射、依赖注入、orm




理解网络通信协议：
	1.给网络通信流程划成五个层次，下面从下到上的讲一下
	2.物理层：将电信号转换成0 1 0 1
	3.链路层：将一组 01 01 封装成帧； 以太网协议广播； MAC地址
	4.网络层：分配Ip地址；区分网络主机；ARP寻址
	5.传输层：通过端口到具体主机的程序
	6.应用层：规定浏览器能解析的数据格式；数据类型 


DNS解析也是一个很大的专题：
DHCP：UDP协议