[离职总结]
	2020-09-25 突然被告知被辞职

	工作总结：
		一、工作按时间大致先后梳理
			第一件事：网络
				1.搞清楚了 VPN 和 Proxy 其中的实现原理不明
				2.重装苹果电脑已是熟能生巧
			第二件事：时区
				1.对于一个国际化的项目，时区是一个必要的选项，涉及到前端页面、后端服务器、数据库方方面面
				2.PHP 时区处理函数 SPL
			第三件事：分页排序
				1.不排序则无法分页，这也是 limit 放在 order by 后面的原因之一
				2.凡是出现在group by之后的字段，必出现在 select 里面； group by id，则可以所有字段；聚合函数可以出现；
			第四件事：数据库表连接
				1.笛卡尔积
				2.内链接可以缩写为 join
				3.全外连接是 Full join 不是 join
				4.外键约束
			   *5.按不同时间维度查询
			第五件事：http 请求参数
				1.我居然不知道，queryString 里面是没有的 bool 类型的，我还传 true false 呢
			第六件事：仓库之多人协作
				1.之前我都是开分支
				2.还可以 fork repository & patch
			第七件事：接口泛化处理
				1.实现避免特殊化 ！
			小结：
				入职 Jumanyi 主要做的是 统计(查询)、导出的工作，因为数据量不是很大，也没有考虑过 SQL 的执行效率、索引生不生效之类的问题；反倒是导出比较容易出现超时的现象

				1.[3,4,5] 足以证明自己的基础贼差，而且不仅我如此，我发现很多程序员都有这个问题
				2.其他则说明我的经验太不足了，一个基本的 web 我都没有完整的开发过
		二、技术栈
			1.symfony + React + Typescript + Postgre + Node + Yarn
			2.没什么好用的日志工具，不过 web debugger 也挺好用
		三、总结
			1.基础差
			2.算是进一步丰富了我的技术栈吧，不过对 symfony 、postgre 真是没一点好感，但是在面试的时候可能还是有好处的；突然感觉全栈也没那么难，前提是页面比较简单
			3.经验不足，我觉得这个阶段至少要明白一个基础的 web 系统比较完整的体系
			4.自己的工作态度比之前好很多了，做事也比较有条理了，但是因为上面的原因，效率还是很低

[复习计划]
	第一轮基础知识：这一块涉及的知识都是工作中高频知识
		语言：
			PHP 语言参考: 过基本的例子；结合实际；看英文
		Web：
			Http 协议
			Restful
			安全
		数据：
			数据字段类型
			CURD
			join
		Git：
			
		测试：

		网络：
			网络编程(开发)
			网络与进程
		
	第二轮实践：
		用 Laravel + React/Vue
		主要是自己去设计一下
			登录
			会话
			鉴权
			安全
			缓存
			数据库设计
			接口设计：超时
	
	第三轮面试知识：参看之前的复习计划






