在创建这个文件之时，我确认这将是一份对我人生及其重要的文件，我将放在log 仓库持续更新，它将承载我的独立的心路历程。

确实，生活的节奏太快，让我很多次停下思考，这导致我很长一段时间都在原地踏步。

我今天突发奇想，查了一下 2018 年 亚马逊图书排行榜，有几点感触：

  1.经管类的书籍越来越多，是不是一定程度上反应了社会的浮躁程度
  2.看到一本《原则》，好像不错，打算看，看看评论又突然觉得，原则 = 痛苦+反思 这一句话相当好，我接受了这种评价

于 2020-2-13 湖北老家



------------------ 


2018 年 6 月 - 2020 年 3 月 （毕业了两年了）

实际工作
	2018.6-2018.8 实验楼
	2018.9-2018.10 不知名公司

	2018.12 - 2019.3 到老师公司混了几个月
	2019.5 - 2019.11 棒棒糖半年
	2019.12 - 2020.2 希悦两个月






------------------

爱情：
	你害怕吗？ 害怕再也找不到一个人还是害怕忘不到尽头的寂寞？
	你准备好了吗？ 

	准备好了

与 2020-3-2 湖北老家


